2021/10/20 09:02:31 [notice] 1#1: using the "epoll" event method
2021/10/20 09:02:31 [notice] 1#1: nginx/1.20.1
2021/10/20 09:02:31 [notice] 1#1: built by gcc 10.2.1 20201203 (Alpine 10.2.1_pre1) 
2021/10/20 09:02:31 [notice] 1#1: OS: Linux 5.11.0-37-generic
2021/10/20 09:02:31 [notice] 1#1: getrlimit(RLIMIT_NOFILE): 1048576:1048576
2021/10/20 09:02:31 [notice] 1#1: start worker processes
2021/10/20 09:02:31 [notice] 1#1: start worker process 32
2021/10/20 09:02:31 [notice] 1#1: start worker process 33
2021/10/20 09:02:31 [notice] 1#1: start worker process 34
2021/10/20 09:02:31 [notice] 1#1: start worker process 35
2021/10/20 09:04:30 [notice] 1#1: signal 3 (SIGQUIT) received, shutting down
2021/10/20 09:04:30 [notice] 32#32: gracefully shutting down
2021/10/20 09:04:30 [notice] 33#33: gracefully shutting down
2021/10/20 09:04:30 [notice] 32#32: exiting
2021/10/20 09:04:30 [notice] 33#33: exiting
2021/10/20 09:04:30 [notice] 33#33: exit
2021/10/20 09:04:30 [notice] 32#32: exit
2021/10/20 09:04:30 [notice] 35#35: gracefully shutting down
2021/10/20 09:04:30 [notice] 34#34: gracefully shutting down
2021/10/20 09:04:30 [notice] 35#35: exiting
2021/10/20 09:04:30 [notice] 34#34: exiting
2021/10/20 09:04:30 [notice] 35#35: exit
2021/10/20 09:04:30 [notice] 34#34: exit
2021/10/20 09:04:30 [notice] 1#1: signal 17 (SIGCHLD) received from 32
2021/10/20 09:04:30 [notice] 1#1: worker process 32 exited with code 0
2021/10/20 09:04:30 [notice] 1#1: worker process 34 exited with code 0
2021/10/20 09:04:30 [notice] 1#1: signal 29 (SIGIO) received
2021/10/20 09:04:30 [notice] 1#1: signal 17 (SIGCHLD) received from 33
2021/10/20 09:04:30 [notice] 1#1: worker process 33 exited with code 0
2021/10/20 09:04:30 [notice] 1#1: signal 29 (SIGIO) received
2021/10/20 09:04:30 [notice] 1#1: signal 17 (SIGCHLD) received from 35
2021/10/20 09:04:30 [notice] 1#1: worker process 35 exited with code 0
2021/10/20 09:04:30 [notice] 1#1: exit
2021/10/20 09:04:41 [notice] 1#1: using the "epoll" event method
2021/10/20 09:04:41 [notice] 1#1: nginx/1.20.1
2021/10/20 09:04:41 [notice] 1#1: built by gcc 10.2.1 20201203 (Alpine 10.2.1_pre1) 
2021/10/20 09:04:41 [notice] 1#1: OS: Linux 5.11.0-37-generic
2021/10/20 09:04:41 [notice] 1#1: getrlimit(RLIMIT_NOFILE): 1048576:1048576
2021/10/20 09:04:41 [notice] 1#1: start worker processes
2021/10/20 09:04:41 [notice] 1#1: start worker process 33
2021/10/20 09:04:41 [notice] 1#1: start worker process 34
2021/10/20 09:04:41 [notice] 1#1: start worker process 35
2021/10/20 09:04:41 [notice] 1#1: start worker process 36
2021/10/20 09:05:17 [notice] 1#1: signal 3 (SIGQUIT) received, shutting down
2021/10/20 09:05:17 [notice] 35#35: gracefully shutting down
2021/10/20 09:05:17 [notice] 36#36: gracefully shutting down
2021/10/20 09:05:17 [notice] 35#35: exiting
2021/10/20 09:05:17 [notice] 36#36: exiting
2021/10/20 09:05:17 [notice] 35#35: exit
2021/10/20 09:05:17 [notice] 36#36: exit
2021/10/20 09:05:17 [notice] 33#33: gracefully shutting down
2021/10/20 09:05:17 [notice] 33#33: exiting
2021/10/20 09:05:17 [notice] 33#33: exit
2021/10/20 09:05:17 [notice] 34#34: gracefully shutting down
2021/10/20 09:05:17 [notice] 34#34: exiting
2021/10/20 09:05:17 [notice] 34#34: exit
2021/10/20 09:05:17 [notice] 1#1: signal 17 (SIGCHLD) received from 36
2021/10/20 09:05:17 [notice] 1#1: worker process 33 exited with code 0
2021/10/20 09:05:17 [notice] 1#1: worker process 36 exited with code 0
2021/10/20 09:05:17 [notice] 1#1: signal 29 (SIGIO) received
2021/10/20 09:05:17 [notice] 1#1: signal 17 (SIGCHLD) received from 35
2021/10/20 09:05:17 [notice] 1#1: worker process 35 exited with code 0
2021/10/20 09:05:17 [notice] 1#1: signal 29 (SIGIO) received
2021/10/20 09:05:17 [notice] 1#1: signal 17 (SIGCHLD) received from 34
2021/10/20 09:05:17 [notice] 1#1: worker process 34 exited with code 0
2021/10/20 09:05:17 [notice] 1#1: exit
2021/10/20 09:05:18 [notice] 1#1: using the "epoll" event method
2021/10/20 09:05:18 [notice] 1#1: nginx/1.20.1
2021/10/20 09:05:18 [notice] 1#1: built by gcc 10.2.1 20201203 (Alpine 10.2.1_pre1) 
2021/10/20 09:05:18 [notice] 1#1: OS: Linux 5.11.0-37-generic
2021/10/20 09:05:18 [notice] 1#1: getrlimit(RLIMIT_NOFILE): 1048576:1048576
2021/10/20 09:05:18 [notice] 1#1: start worker processes
2021/10/20 09:05:18 [notice] 1#1: start worker process 32
2021/10/20 09:05:18 [notice] 1#1: start worker process 33
2021/10/20 09:05:18 [notice] 1#1: start worker process 34
2021/10/20 09:05:18 [notice] 1#1: start worker process 35
2021/10/20 09:51:15 [notice] 1#1: signal 3 (SIGQUIT) received, shutting down
2021/10/20 09:51:15 [notice] 32#32: gracefully shutting down
2021/10/20 09:51:15 [notice] 35#35: gracefully shutting down
2021/10/20 09:51:15 [notice] 32#32: exiting
2021/10/20 09:51:15 [notice] 35#35: exiting
2021/10/20 09:51:15 [notice] 35#35: exit
2021/10/20 09:51:15 [notice] 32#32: exit
2021/10/20 09:51:15 [notice] 33#33: gracefully shutting down
2021/10/20 09:51:15 [notice] 33#33: exiting
2021/10/20 09:51:15 [notice] 33#33: exit
2021/10/20 09:51:15 [notice] 34#34: gracefully shutting down
2021/10/20 09:51:15 [notice] 34#34: exiting
2021/10/20 09:51:15 [notice] 34#34: exit
2021/10/20 09:51:16 [notice] 1#1: signal 17 (SIGCHLD) received from 32
2021/10/20 09:51:16 [notice] 1#1: worker process 32 exited with code 0
2021/10/20 09:51:16 [notice] 1#1: signal 29 (SIGIO) received
2021/10/20 09:51:16 [notice] 1#1: signal 17 (SIGCHLD) received from 35
2021/10/20 09:51:16 [notice] 1#1: worker process 33 exited with code 0
2021/10/20 09:51:16 [notice] 1#1: worker process 34 exited with code 0
2021/10/20 09:51:16 [notice] 1#1: worker process 35 exited with code 0
2021/10/20 09:51:16 [notice] 1#1: exit
2021/10/20 09:51:17 [notice] 1#1: using the "epoll" event method
2021/10/20 09:51:17 [notice] 1#1: nginx/1.20.1
2021/10/20 09:51:17 [notice] 1#1: built by gcc 10.2.1 20201203 (Alpine 10.2.1_pre1) 
2021/10/20 09:51:17 [notice] 1#1: OS: Linux 5.11.0-37-generic
2021/10/20 09:51:17 [notice] 1#1: getrlimit(RLIMIT_NOFILE): 1048576:1048576
2021/10/20 09:51:17 [notice] 1#1: start worker processes
2021/10/20 09:51:17 [notice] 1#1: start worker process 32
2021/10/20 09:51:17 [notice] 1#1: start worker process 33
2021/10/20 09:51:17 [notice] 1#1: start worker process 34
2021/10/20 09:51:17 [notice] 1#1: start worker process 35
2021/10/20 09:51:48 [notice] 1#1: signal 3 (SIGQUIT) received, shutting down
2021/10/20 09:51:48 [notice] 32#32: gracefully shutting down
2021/10/20 09:51:48 [notice] 33#33: gracefully shutting down
2021/10/20 09:51:48 [notice] 32#32: exiting
2021/10/20 09:51:48 [notice] 33#33: exiting
2021/10/20 09:51:48 [notice] 32#32: exit
2021/10/20 09:51:48 [notice] 33#33: exit
2021/10/20 09:51:48 [notice] 34#34: gracefully shutting down
2021/10/20 09:51:48 [notice] 34#34: exiting
2021/10/20 09:51:48 [notice] 35#35: gracefully shutting down
2021/10/20 09:51:48 [notice] 34#34: exit
2021/10/20 09:51:48 [notice] 35#35: exiting
2021/10/20 09:51:48 [notice] 35#35: exit
2021/10/20 09:51:48 [notice] 1#1: signal 17 (SIGCHLD) received from 33
2021/10/20 09:51:48 [notice] 1#1: worker process 33 exited with code 0
2021/10/20 09:51:48 [notice] 1#1: worker process 34 exited with code 0
2021/10/20 09:51:48 [notice] 1#1: signal 29 (SIGIO) received
2021/10/20 09:51:48 [notice] 1#1: signal 17 (SIGCHLD) received from 32
2021/10/20 09:51:48 [notice] 1#1: worker process 32 exited with code 0
2021/10/20 09:51:48 [notice] 1#1: worker process 35 exited with code 0
2021/10/20 09:51:48 [notice] 1#1: exit
2021/10/20 09:51:52 [notice] 1#1: using the "epoll" event method
2021/10/20 09:51:52 [notice] 1#1: nginx/1.20.1
2021/10/20 09:51:52 [notice] 1#1: built by gcc 10.2.1 20201203 (Alpine 10.2.1_pre1) 
2021/10/20 09:51:52 [notice] 1#1: OS: Linux 5.11.0-37-generic
2021/10/20 09:51:52 [notice] 1#1: getrlimit(RLIMIT_NOFILE): 1048576:1048576
2021/10/20 09:51:52 [notice] 1#1: start worker processes
2021/10/20 09:51:52 [notice] 1#1: start worker process 31
2021/10/20 09:51:52 [notice] 1#1: start worker process 32
2021/10/20 09:51:52 [notice] 1#1: start worker process 33
2021/10/20 09:51:52 [notice] 1#1: start worker process 34
2021/10/20 09:52:19 [notice] 1#1: signal 3 (SIGQUIT) received, shutting down
2021/10/20 09:52:19 [notice] 34#34: gracefully shutting down
2021/10/20 09:52:19 [notice] 32#32: gracefully shutting down
2021/10/20 09:52:19 [notice] 34#34: exiting
2021/10/20 09:52:19 [notice] 32#32: exiting
2021/10/20 09:52:19 [notice] 34#34: exit
2021/10/20 09:52:19 [notice] 32#32: exit
2021/10/20 09:52:19 [notice] 31#31: gracefully shutting down
2021/10/20 09:52:19 [notice] 31#31: exiting
2021/10/20 09:52:19 [notice] 31#31: exit
2021/10/20 09:52:19 [notice] 33#33: gracefully shutting down
2021/10/20 09:52:19 [notice] 33#33: exiting
2021/10/20 09:52:19 [notice] 33#33: exit
2021/10/20 09:52:19 [notice] 1#1: signal 17 (SIGCHLD) received from 32
2021/10/20 09:52:19 [notice] 1#1: worker process 32 exited with code 0
2021/10/20 09:52:19 [notice] 1#1: signal 29 (SIGIO) received
2021/10/20 09:52:19 [notice] 1#1: signal 17 (SIGCHLD) received from 33
2021/10/20 09:52:19 [notice] 1#1: worker process 33 exited with code 0
2021/10/20 09:52:19 [notice] 1#1: signal 29 (SIGIO) received
2021/10/20 09:52:19 [notice] 1#1: signal 17 (SIGCHLD) received from 31
2021/10/20 09:52:19 [notice] 1#1: worker process 31 exited with code 0
2021/10/20 09:52:19 [notice] 1#1: signal 29 (SIGIO) received
2021/10/20 09:52:19 [notice] 1#1: signal 17 (SIGCHLD) received from 34
2021/10/20 09:52:19 [notice] 1#1: worker process 34 exited with code 0
2021/10/20 09:52:19 [notice] 1#1: exit
2021/10/20 09:52:23 [notice] 1#1: using the "epoll" event method
2021/10/20 09:52:23 [notice] 1#1: nginx/1.20.1
2021/10/20 09:52:23 [notice] 1#1: built by gcc 10.2.1 20201203 (Alpine 10.2.1_pre1) 
2021/10/20 09:52:23 [notice] 1#1: OS: Linux 5.11.0-37-generic
2021/10/20 09:52:23 [notice] 1#1: getrlimit(RLIMIT_NOFILE): 1048576:1048576
2021/10/20 09:52:23 [notice] 1#1: start worker processes
2021/10/20 09:52:23 [notice] 1#1: start worker process 31
2021/10/20 09:52:23 [notice] 1#1: start worker process 32
2021/10/20 09:52:23 [notice] 1#1: start worker process 33
2021/10/20 09:52:23 [notice] 1#1: start worker process 34
2021/10/20 17:16:50 [notice] 1#1: signal 3 (SIGQUIT) received, shutting down
2021/10/20 17:16:50 [notice] 32#32: gracefully shutting down
2021/10/20 17:16:50 [notice] 31#31: gracefully shutting down
2021/10/20 17:16:50 [notice] 33#33: gracefully shutting down
2021/10/20 17:16:50 [notice] 32#32: exiting
2021/10/20 17:16:50 [notice] 31#31: exiting
2021/10/20 17:16:50 [notice] 33#33: exiting
2021/10/20 17:16:50 [notice] 32#32: exit
2021/10/20 17:16:50 [notice] 33#33: exit
2021/10/20 17:16:50 [notice] 31#31: exit
2021/10/20 17:16:50 [notice] 34#34: gracefully shutting down
2021/10/20 17:16:50 [notice] 34#34: exiting
2021/10/20 17:16:50 [notice] 34#34: exit
2021/10/20 17:16:50 [notice] 1#1: signal 17 (SIGCHLD) received from 32
2021/10/20 17:16:50 [notice] 1#1: worker process 32 exited with code 0
2021/10/20 17:16:50 [notice] 1#1: worker process 33 exited with code 0
2021/10/20 17:16:50 [notice] 1#1: signal 29 (SIGIO) received
2021/10/20 17:16:50 [notice] 1#1: signal 17 (SIGCHLD) received from 33
2021/10/20 17:16:50 [notice] 1#1: signal 17 (SIGCHLD) received from 31
2021/10/20 17:16:50 [notice] 1#1: worker process 31 exited with code 0
2021/10/20 17:16:50 [notice] 1#1: worker process 34 exited with code 0
2021/10/20 17:16:50 [notice] 1#1: exit
2021/10/20 17:16:51 [notice] 1#1: using the "epoll" event method
2021/10/20 17:16:51 [notice] 1#1: nginx/1.20.1
2021/10/20 17:16:51 [notice] 1#1: built by gcc 10.2.1 20201203 (Alpine 10.2.1_pre1) 
2021/10/20 17:16:51 [notice] 1#1: OS: Linux 5.11.0-37-generic
2021/10/20 17:16:51 [notice] 1#1: getrlimit(RLIMIT_NOFILE): 1048576:1048576
2021/10/20 17:16:51 [notice] 1#1: start worker processes
2021/10/20 17:16:51 [notice] 1#1: start worker process 31
2021/10/20 17:16:51 [notice] 1#1: start worker process 32
2021/10/20 17:16:51 [notice] 1#1: start worker process 33
2021/10/20 17:16:51 [notice] 1#1: start worker process 34
2021/10/20 17:17:15 [notice] 1#1: signal 3 (SIGQUIT) received, shutting down
2021/10/20 17:17:15 [notice] 33#33: gracefully shutting down
2021/10/20 17:17:15 [notice] 32#32: gracefully shutting down
2021/10/20 17:17:15 [notice] 33#33: exiting
2021/10/20 17:17:15 [notice] 32#32: exiting
2021/10/20 17:17:15 [notice] 33#33: exit
2021/10/20 17:17:15 [notice] 32#32: exit
2021/10/20 17:17:15 [notice] 31#31: gracefully shutting down
2021/10/20 17:17:15 [notice] 31#31: exiting
2021/10/20 17:17:15 [notice] 31#31: exit
2021/10/20 17:17:15 [notice] 34#34: gracefully shutting down
2021/10/20 17:17:15 [notice] 34#34: exiting
2021/10/20 17:17:15 [notice] 34#34: exit
2021/10/20 17:17:15 [notice] 1#1: signal 17 (SIGCHLD) received from 31
2021/10/20 17:17:15 [notice] 1#1: worker process 31 exited with code 0
2021/10/20 17:17:15 [notice] 1#1: worker process 33 exited with code 0
2021/10/20 17:17:15 [notice] 1#1: signal 29 (SIGIO) received
2021/10/20 17:17:15 [notice] 1#1: signal 17 (SIGCHLD) received from 34
2021/10/20 17:17:15 [notice] 1#1: worker process 34 exited with code 0
2021/10/20 17:17:15 [notice] 1#1: signal 29 (SIGIO) received
2021/10/20 17:17:15 [notice] 1#1: signal 17 (SIGCHLD) received from 32
2021/10/20 17:17:15 [notice] 1#1: worker process 32 exited with code 0
2021/10/20 17:17:15 [notice] 1#1: exit
2021/10/20 17:17:16 [notice] 1#1: using the "epoll" event method
2021/10/20 17:17:16 [notice] 1#1: nginx/1.20.1
2021/10/20 17:17:16 [notice] 1#1: built by gcc 10.2.1 20201203 (Alpine 10.2.1_pre1) 
2021/10/20 17:17:16 [notice] 1#1: OS: Linux 5.11.0-37-generic
2021/10/20 17:17:16 [notice] 1#1: getrlimit(RLIMIT_NOFILE): 1048576:1048576
2021/10/20 17:17:16 [notice] 1#1: start worker processes
2021/10/20 17:17:16 [notice] 1#1: start worker process 32
2021/10/20 17:17:16 [notice] 1#1: start worker process 33
2021/10/20 17:17:16 [notice] 1#1: start worker process 34
2021/10/20 17:17:16 [notice] 1#1: start worker process 35
2021/10/20 17:17:28 [notice] 1#1: signal 3 (SIGQUIT) received, shutting down
2021/10/20 17:17:28 [notice] 34#34: gracefully shutting down
2021/10/20 17:17:28 [notice] 34#34: exiting
2021/10/20 17:17:28 [notice] 34#34: exit
2021/10/20 17:17:28 [notice] 32#32: gracefully shutting down
2021/10/20 17:17:28 [notice] 32#32: exiting
2021/10/20 17:17:28 [notice] 32#32: exit
2021/10/20 17:17:28 [notice] 35#35: gracefully shutting down
2021/10/20 17:17:28 [notice] 35#35: exiting
2021/10/20 17:17:28 [notice] 35#35: exit
2021/10/20 17:17:28 [notice] 33#33: gracefully shutting down
2021/10/20 17:17:28 [notice] 33#33: exiting
2021/10/20 17:17:28 [notice] 33#33: exit
2021/10/20 17:17:28 [notice] 1#1: signal 17 (SIGCHLD) received from 35
2021/10/20 17:17:28 [notice] 1#1: worker process 35 exited with code 0
2021/10/20 17:17:28 [notice] 1#1: worker process 33 exited with code 0
2021/10/20 17:17:28 [notice] 1#1: worker process 34 exited with code 0
2021/10/20 17:17:28 [notice] 1#1: signal 29 (SIGIO) received
2021/10/20 17:17:28 [notice] 1#1: signal 17 (SIGCHLD) received from 33
2021/10/20 17:17:28 [notice] 1#1: signal 17 (SIGCHLD) received from 32
2021/10/20 17:17:28 [notice] 1#1: worker process 32 exited with code 0
2021/10/20 17:17:28 [notice] 1#1: exit
2021/10/20 17:17:34 [notice] 1#1: using the "epoll" event method
2021/10/20 17:17:34 [notice] 1#1: nginx/1.20.1
2021/10/20 17:17:34 [notice] 1#1: built by gcc 10.2.1 20201203 (Alpine 10.2.1_pre1) 
2021/10/20 17:17:34 [notice] 1#1: OS: Linux 5.11.0-37-generic
2021/10/20 17:17:34 [notice] 1#1: getrlimit(RLIMIT_NOFILE): 1048576:1048576
2021/10/20 17:17:34 [notice] 1#1: start worker processes
2021/10/20 17:17:34 [notice] 1#1: start worker process 32
2021/10/20 17:17:34 [notice] 1#1: start worker process 33
2021/10/20 17:17:34 [notice] 1#1: start worker process 34
2021/10/20 17:17:34 [notice] 1#1: start worker process 35
2021/10/20 17:18:45 [notice] 1#1: signal 3 (SIGQUIT) received, shutting down
2021/10/20 17:18:45 [notice] 32#32: gracefully shutting down
2021/10/20 17:18:45 [notice] 35#35: gracefully shutting down
2021/10/20 17:18:45 [notice] 32#32: exiting
2021/10/20 17:18:45 [notice] 35#35: exiting
2021/10/20 17:18:45 [notice] 35#35: exit
2021/10/20 17:18:45 [notice] 32#32: exit
2021/10/20 17:18:45 [notice] 33#33: gracefully shutting down
2021/10/20 17:18:45 [notice] 33#33: exiting
2021/10/20 17:18:45 [notice] 33#33: exit
2021/10/20 17:18:45 [notice] 34#34: gracefully shutting down
2021/10/20 17:18:45 [notice] 34#34: exiting
2021/10/20 17:18:45 [notice] 34#34: exit
2021/10/20 17:18:45 [notice] 1#1: signal 17 (SIGCHLD) received from 33
2021/10/20 17:18:45 [notice] 1#1: worker process 32 exited with code 0
2021/10/20 17:18:45 [notice] 1#1: worker process 33 exited with code 0
2021/10/20 17:18:45 [notice] 1#1: worker process 35 exited with code 0
2021/10/20 17:18:45 [notice] 1#1: signal 29 (SIGIO) received
2021/10/20 17:18:45 [notice] 1#1: signal 17 (SIGCHLD) received from 34
2021/10/20 17:18:45 [notice] 1#1: worker process 34 exited with code 0
2021/10/20 17:18:45 [notice] 1#1: exit
2021/10/20 17:18:46 [notice] 1#1: using the "epoll" event method
2021/10/20 17:18:46 [notice] 1#1: nginx/1.20.1
2021/10/20 17:18:46 [notice] 1#1: built by gcc 10.2.1 20201203 (Alpine 10.2.1_pre1) 
2021/10/20 17:18:46 [notice] 1#1: OS: Linux 5.11.0-37-generic
2021/10/20 17:18:46 [notice] 1#1: getrlimit(RLIMIT_NOFILE): 1048576:1048576
2021/10/20 17:18:46 [notice] 1#1: start worker processes
2021/10/20 17:18:46 [notice] 1#1: start worker process 31
2021/10/20 17:18:46 [notice] 1#1: start worker process 32
2021/10/20 17:18:46 [notice] 1#1: start worker process 33
2021/10/20 17:18:46 [notice] 1#1: start worker process 34
2021/10/20 17:20:01 [error] 31#31: *3 open() "/usr/share/nginx/html/login" failed (2: No such file or directory), client: 172.20.0.1, server: _, request: "GET /login HTTP/1.1", host: "localhost"
2021/10/20 17:20:11 [error] 31#31: *3 open() "/usr/share/nginx/html/me" failed (2: No such file or directory), client: 172.20.0.1, server: _, request: "GET /me HTTP/1.1", host: "localhost"
2021/10/20 17:22:18 [notice] 1#1: signal 3 (SIGQUIT) received, shutting down
2021/10/20 17:22:18 [notice] 31#31: gracefully shutting down
2021/10/20 17:22:18 [notice] 32#32: gracefully shutting down
2021/10/20 17:22:18 [notice] 34#34: gracefully shutting down
2021/10/20 17:22:18 [notice] 31#31: exiting
2021/10/20 17:22:18 [notice] 32#32: exiting
2021/10/20 17:22:18 [notice] 34#34: exiting
2021/10/20 17:22:18 [notice] 31#31: exit
2021/10/20 17:22:18 [notice] 32#32: exit
2021/10/20 17:22:18 [notice] 34#34: exit
2021/10/20 17:22:18 [notice] 33#33: gracefully shutting down
2021/10/20 17:22:18 [notice] 33#33: exiting
2021/10/20 17:22:18 [notice] 33#33: exit
2021/10/20 17:22:18 [notice] 1#1: signal 17 (SIGCHLD) received from 32
2021/10/20 17:22:18 [notice] 1#1: worker process 31 exited with code 0
2021/10/20 17:22:18 [notice] 1#1: worker process 32 exited with code 0
2021/10/20 17:22:18 [notice] 1#1: signal 29 (SIGIO) received
2021/10/20 17:22:18 [notice] 1#1: signal 17 (SIGCHLD) received from 33
2021/10/20 17:22:18 [notice] 1#1: worker process 33 exited with code 0
2021/10/20 17:22:18 [notice] 1#1: signal 29 (SIGIO) received
2021/10/20 17:22:18 [notice] 1#1: signal 17 (SIGCHLD) received from 34
2021/10/20 17:22:18 [notice] 1#1: worker process 34 exited with code 0
2021/10/20 17:22:18 [notice] 1#1: exit
2021/10/20 17:22:21 [emerg] 1#1: unexpected "}" in /etc/nginx/conf.d/default.conf:13
2021/10/20 17:23:28 [emerg] 1#1: unexpected "}" in /etc/nginx/conf.d/default.conf:17
2021/10/20 17:24:48 [emerg] 1#1: unexpected "}" in /etc/nginx/conf.d/default.conf:14
2021/10/20 17:24:56 [emerg] 1#1: unexpected "}" in /etc/nginx/conf.d/default.conf:14
2021/10/20 17:27:04 [emerg] 1#1: unexpected "}" in /etc/nginx/conf.d/default.conf:14
2021/10/20 17:27:22 [emerg] 1#1: unexpected "}" in /etc/nginx/conf.d/default.conf:14
2021/10/20 17:27:29 [emerg] 1#1: unexpected "}" in /etc/nginx/conf.d/default.conf:14
2021/10/20 17:28:11 [emerg] 1#1: unexpected "}" in /etc/nginx/conf.d/default.conf:9
2021/10/20 17:28:44 [notice] 1#1: using the "epoll" event method
2021/10/20 17:28:44 [notice] 1#1: nginx/1.20.1
2021/10/20 17:28:44 [notice] 1#1: built by gcc 10.2.1 20201203 (Alpine 10.2.1_pre1) 
2021/10/20 17:28:44 [notice] 1#1: OS: Linux 5.11.0-37-generic
2021/10/20 17:28:44 [notice] 1#1: getrlimit(RLIMIT_NOFILE): 1048576:1048576
2021/10/20 17:28:44 [notice] 1#1: start worker processes
2021/10/20 17:28:44 [notice] 1#1: start worker process 31
2021/10/20 17:28:44 [notice] 1#1: start worker process 32
2021/10/20 17:28:44 [notice] 1#1: start worker process 33
2021/10/20 17:28:44 [notice] 1#1: start worker process 34
2021/10/20 17:53:05 [notice] 1#1: signal 3 (SIGQUIT) received, shutting down
2021/10/20 17:53:05 [notice] 31#31: gracefully shutting down
2021/10/20 17:53:05 [notice] 31#31: exiting
2021/10/20 17:53:05 [notice] 31#31: exit
2021/10/20 17:53:05 [notice] 34#34: gracefully shutting down
2021/10/20 17:53:05 [notice] 34#34: exiting
2021/10/20 17:53:05 [notice] 34#34: exit
2021/10/20 17:53:05 [notice] 32#32: gracefully shutting down
2021/10/20 17:53:05 [notice] 32#32: exiting
2021/10/20 17:53:05 [notice] 32#32: exit
2021/10/20 17:53:05 [notice] 33#33: gracefully shutting down
2021/10/20 17:53:05 [notice] 33#33: exiting
2021/10/20 17:53:05 [notice] 33#33: exit
2021/10/20 17:53:05 [notice] 1#1: signal 17 (SIGCHLD) received from 34
2021/10/20 17:53:05 [notice] 1#1: worker process 31 exited with code 0
2021/10/20 17:53:05 [notice] 1#1: worker process 34 exited with code 0
2021/10/20 17:53:05 [notice] 1#1: signal 29 (SIGIO) received
2021/10/20 17:53:05 [notice] 1#1: signal 17 (SIGCHLD) received from 32
2021/10/20 17:53:05 [notice] 1#1: worker process 32 exited with code 0
2021/10/20 17:53:05 [notice] 1#1: worker process 33 exited with code 0
2021/10/20 17:53:05 [notice] 1#1: exit
